[    0.000000] Initializing cgroup subsys cpuset
[    0.000000] Initializing cgroup subsys cpu
[    0.000000] Initializing cgroup subsys cpuacct
[    0.000000] Linux version 4.4.0-157-generic (buildd@lgw01-amd64-037) (gcc version 5.4.0 20160609 (Ubuntu 5.4.0-6ubuntu1~16.04.10) ) #185-Ubuntu SMP Tue Jul 23 09:17:01 UTC 2019 (Ubuntu 4.4.0-157.185-generic 4.4.181)
[    0.000000] Command line: BOOT_IMAGE=/boot/vmlinuz-4.4.0-157-generic root=LABEL=cloudimg-rootfs ro console=tty1 console=ttyS0
[    0.000000] KERNEL supported cpus:
[    0.000000]   Intel GenuineIntel
[    0.000000]   AMD AuthenticAMD
[    0.000000]   Centaur CentaurHauls
[    0.000000] x86/fpu: xstate_offset[2]:  576, xstate_sizes[2]:  256
[    0.000000] x86/fpu: Supporting XSAVE feature 0x01: 'x87 floating point registers'
[    0.000000] x86/fpu: Supporting XSAVE feature 0x02: 'SSE registers'
[    0.000000] x86/fpu: Supporting XSAVE feature 0x04: 'AVX registers'
[    0.000000] x86/fpu: Enabled xstate features 0x7, context size is 832 bytes, using 'standard' format.
[    0.000000] e820: BIOS-provided physical RAM map:
[    0.000000] BIOS-e820: [mem 0x0000000000000000-0x000000000009fbff] usable
[    0.000000] BIOS-e820: [mem 0x000000000009fc00-0x000000000009ffff] reserved
[    0.000000] BIOS-e820: [mem 0x00000000000f0000-0x00000000000fffff] reserved
[    0.000000] BIOS-e820: [mem 0x0000000000100000-0x000000003ffeffff] usable
[    0.000000] BIOS-e820: [mem 0x000000003fff0000-0x000000003fffffff] ACPI data
[    0.000000] BIOS-e820: [mem 0x00000000fec00000-0x00000000fec00fff] reserved
[    0.000000] BIOS-e820: [mem 0x00000000fee00000-0x00000000fee00fff] reserved
[    0.000000] BIOS-e820: [mem 0x00000000fffc0000-0x00000000ffffffff] reserved
[    0.000000] NX (Execute Disable) protection: active
[    0.000000] SMBIOS 2.5 present.
[    0.000000] Hypervisor detected: KVM
[    0.000000] e820: last_pfn = 0x3fff0 max_arch_pfn = 0x400000000
[    0.000000] MTRR: Disabled
[    0.000000] x86/PAT: MTRRs disabled, skipping PAT initialization too.
[    0.000000] CPU MTRRs all blank - virtualized system.
[    0.000000] x86/PAT: Configuration [0-7]: WB  WT  UC- UC  WB  WT  UC- UC  
[    0.000000] found SMP MP-table at [mem 0x0009fff0-0x0009ffff] mapped at [ffff88000009fff0]
[    0.000000] Scanning 1 areas for low memory corruption
[    0.000000] RAMDISK: [mem 0x362fc000-0x37175fff]
[    0.000000] ACPI: Early table checksum verification disabled
[    0.000000] ACPI: RSDP 0x00000000000E0000 000024 (v02 VBOX  )
[    0.000000] ACPI: XSDT 0x000000003FFF0030 00003C (v01 VBOX   VBOXXSDT 00000001 ASL  00000061)
[    0.000000] ACPI: FACP 0x000000003FFF00F0 0000F4 (v04 VBOX   VBOXFACP 00000001 ASL  00000061)
[    0.000000] ACPI: DSDT 0x000000003FFF0470 0022EA (v02 VBOX   VBOXBIOS 00000002 INTL 20100528)
[    0.000000] ACPI: FACS 0x000000003FFF0200 000040
[    0.000000] ACPI: FACS 0x000000003FFF0200 000040
[    0.000000] ACPI: APIC 0x000000003FFF0240 00005C (v02 VBOX   VBOXAPIC 00000001 ASL  00000061)
[    0.000000] ACPI: SSDT 0x000000003FFF02A0 0001CC (v01 VBOX   VBOXCPUT 00000002 INTL 20100528)
[    0.000000] No NUMA configuration found
[    0.000000] Faking a node at [mem 0x0000000000000000-0x000000003ffeffff]
[    0.000000] NODE_DATA(0) allocated [mem 0x3ffeb000-0x3ffeffff]
[    0.000000] kvm-clock: Using msrs 4b564d01 and 4b564d00
[    0.000000] kvm-clock: cpu 0, msr 0:3ffe3001, primary cpu clock
[    0.000000] kvm-clock: using sched offset of 3729563910 cycles
[    0.000000] clocksource: kvm-clock: mask: 0xffffffffffffffff max_cycles: 0x1cd42e4dffb, max_idle_ns: 881590591483 ns
[    0.000000] Zone ranges:
[    0.000000]   DMA      [mem 0x0000000000001000-0x0000000000ffffff]
[    0.000000]   DMA32    [mem 0x0000000001000000-0x000000003ffeffff]
[    0.000000]   Normal   empty
[    0.000000]   Device   empty
[    0.000000] Movable zone start for each node
[    0.000000] Early memory node ranges
[    0.000000]   node   0: [mem 0x0000000000001000-0x000000000009efff]
[    0.000000]   node   0: [mem 0x0000000000100000-0x000000003ffeffff]
[    0.000000] Initmem setup node 0 [mem 0x0000000000001000-0x000000003ffeffff]
[    0.000000] ACPI: PM-Timer IO Port: 0x4008
[    0.000000] IOAPIC[0]: apic_id 2, version 32, address 0xfec00000, GSI 0-23
[    0.000000] ACPI: INT_SRC_OVR (bus 0 bus_irq 0 global_irq 2 dfl dfl)
[    0.000000] ACPI: INT_SRC_OVR (bus 0 bus_irq 9 global_irq 9 low level)
[    0.000000] Using ACPI (MADT) for SMP configuration information
[    0.000000] smpboot: Allowing 2 CPUs, 0 hotplug CPUs
[    0.000000] PM: Registered nosave memory: [mem 0x00000000-0x00000fff]
[    0.000000] PM: Registered nosave memory: [mem 0x0009f000-0x0009ffff]
[    0.000000] PM: Registered nosave memory: [mem 0x000a0000-0x000effff]
[    0.000000] PM: Registered nosave memory: [mem 0x000f0000-0x000fffff]
[    0.000000] e820: [mem 0x40000000-0xfebfffff] available for PCI devices
[    0.000000] Booting paravirtualized kernel on KVM
[    0.000000] clocksource: refined-jiffies: mask: 0xffffffff max_cycles: 0xffffffff, max_idle_ns: 7645519600211568 ns
[    0.000000] setup_percpu: NR_CPUS:512 nr_cpumask_bits:512 nr_cpu_ids:2 nr_node_ids:1
[    0.000000] PERCPU: Embedded 34 pages/cpu @ffff88003fc00000 s99544 r8192 d31528 u1048576
[    0.000000] Built 1 zonelists in Node order, mobility grouping on.  Total pages: 257912
[    0.000000] Policy zone: DMA32
[    0.000000] Kernel command line: BOOT_IMAGE=/boot/vmlinuz-4.4.0-157-generic root=LABEL=cloudimg-rootfs ro console=tty1 console=ttyS0
[    0.000000] PID hash table entries: 4096 (order: 3, 32768 bytes)
[    0.000000] Memory: 997736K/1048120K available (8618K kernel code, 1335K rwdata, 4032K rodata, 1484K init, 1284K bss, 50384K reserved, 0K cma-reserved)
[    0.000000] SLUB: HWalign=64, Order=0-3, MinObjects=0, CPUs=2, Nodes=1
[    0.000000] Kernel/User page tables isolation: enabled
[    0.000000] Hierarchical RCU implementation.
[    0.000000] 	Build-time adjustment of leaf fanout to 64.
[    0.000000] 	RCU restricting CPUs from NR_CPUS=512 to nr_cpu_ids=2.
[    0.000000] RCU: Adjusting geometry for rcu_fanout_leaf=64, nr_cpu_ids=2
[    0.000000] NR_IRQS:33024 nr_irqs:440 16
[    0.000000] Console: colour VGA+ 80x25
[    0.000000] console [tty1] enabled
[    0.000000] console [ttyS0] enabled
[    0.000000] tsc: Detected 2711.994 MHz processor
[    0.225591] Calibrating delay loop (skipped) preset value.. 5423.98 BogoMIPS (lpj=10847976)
[    0.227727] pid_max: default: 32768 minimum: 301
[    0.228823] ACPI: Core revision 20150930
[    0.230589] ACPI: 2 ACPI AML tables successfully acquired and loaded
[    0.232315] Security Framework initialized
[    0.233377] Yama: becoming mindful.
[    0.234433] AppArmor: AppArmor initialized
[    0.235443] Dentry cache hash table entries: 131072 (order: 8, 1048576 bytes)
[    0.238557] Inode-cache hash table entries: 65536 (order: 7, 524288 bytes)
[    0.240496] Mount-cache hash table entries: 2048 (order: 2, 16384 bytes)
[    0.241942] Mountpoint-cache hash table entries: 2048 (order: 2, 16384 bytes)
[    0.243719] Initializing cgroup subsys io
[    0.244708] Initializing cgroup subsys memory
[    0.245665] Initializing cgroup subsys devices
[    0.246878] Initializing cgroup subsys freezer
[    0.247879] Initializing cgroup subsys net_cls
[    0.249020] Initializing cgroup subsys perf_event
[    0.250002] Initializing cgroup subsys net_prio
[    0.250999] Initializing cgroup subsys hugetlb
[    0.251934] Initializing cgroup subsys pids
[    0.254096] mce: CPU supports 0 MCE banks
[    0.255123] Last level iTLB entries: 4KB 64, 2MB 8, 4MB 8
[    0.256566] Last level dTLB entries: 4KB 64, 2MB 0, 4MB 0, 1GB 4
[    0.257847] Spectre V2 : Mitigation: Full generic retpoline
[    0.258971] Spectre V2 : Spectre v2 / SpectreRSB mitigation: Filling RSB on context switch
[    0.261056] Speculative Store Bypass: Vulnerable
[    0.262281] MDS: Vulnerable: Clear CPU buffers attempted, no microcode
[    0.268362] Freeing SMP alternatives memory: 36K
[    0.277931] ftrace: allocating 32312 entries in 127 pages
[    0.385015] smpboot: APIC(0) Converting physical 0 to logical package 0
[    0.387287] smpboot: Max logical packages: 1
[    0.389944] x2apic enabled
[    0.391435] Switched APIC routing to physical x2apic.
[    0.398619] ..TIMER: vector=0x30 apic1=0 pin1=2 apic2=-1 pin2=-1
[    0.509253] smpboot: CPU0: Intel(R) Core(TM) i5-7200U CPU @ 2.50GHz (family: 0x6, model: 0x8e, stepping: 0x9)
[    0.512317] Performance Events: unsupported p6 CPU model 142 no PMU driver, software events only.
[    0.529662] KVM setup paravirtual spinlock
[    0.531648] x86: Booting SMP configuration:
[    0.533099] .... node  #0, CPUs:      #1
[    0.534761] kvm-clock: cpu 1, msr 0:3ffe3041, secondary cpu clock
[    0.537646] mce: CPU supports 0 MCE banks
[    0.540391] x86: Booted up 1 node, 2 CPUs
[    0.541863] smpboot: Total of 2 processors activated (10847.97 BogoMIPS)
[    0.544272] devtmpfs: initialized
[    0.547736] evm: security.selinux
[    0.548592] evm: security.SMACK64
[    0.549505] evm: security.SMACK64EXEC
[    0.550565] evm: security.SMACK64TRANSMUTE
[    0.551517] evm: security.SMACK64MMAP
[    0.552377] evm: security.ima
[    0.553102] evm: security.capability
[    0.554098] clocksource: jiffies: mask: 0xffffffff max_cycles: 0xffffffff, max_idle_ns: 7645041785100000 ns
[    0.556171] futex hash table entries: 512 (order: 3, 32768 bytes)
[    0.557725] pinctrl core: initialized pinctrl subsystem
[    0.558876] RTC time: 22:49:00, date: 08/04/19
[    0.560004] NET: Registered protocol family 16
[    0.572270] cpuidle: using governor ladder
[    0.584036] cpuidle: using governor menu
[    0.585176] PCCT header not found.
[    0.586497] ACPI: bus type PCI registered
[    0.588211] acpiphp: ACPI Hot Plug PCI Controller Driver version: 0.5
[    0.592493] PCI: Using configuration type 1 for base access
[    0.614729] ACPI: Added _OSI(Module Device)
[    0.618666] ACPI: Added _OSI(Processor Device)
[    0.622121] ACPI: Added _OSI(3.0 _SCP Extensions)
[    0.625383] ACPI: Added _OSI(Processor Aggregator Device)
[    0.631315] ACPI: Executed 1 blocks of module-level executable AML code
[    0.643238] ACPI: Interpreter enabled
[    0.646001] ACPI: (supports S0 S5)
[    0.648340] ACPI: Using IOAPIC for interrupt routing
[    0.650757] PCI: Using host bridge windows from ACPI; if necessary, use "pci=nocrs" and report a bug
[    0.661831] ACPI: PCI Root Bridge [PCI0] (domain 0000 [bus 00-ff])
[    0.664346] acpi PNP0A03:00: _OSC: OS supports [ASPM ClockPM Segments MSI]
[    0.667699] acpi PNP0A03:00: _OSC: not requesting OS control; OS requires [ExtendedConfig ASPM ClockPM MSI]
[    0.671650] acpi PNP0A03:00: fail to add MMCONFIG information, can't access extended PCI configuration space under this bridge.
[    0.676492] PCI host bridge to bus 0000:00
[    0.677983] pci_bus 0000:00: root bus resource [io  0x0000-0x0cf7 window]
[    0.679857] pci_bus 0000:00: root bus resource [io  0x0d00-0xffff window]
[    0.681924] pci_bus 0000:00: root bus resource [mem 0x000a0000-0x000bffff window]
[    0.684557] pci_bus 0000:00: root bus resource [mem 0x40000000-0xfdffffff window]
[    0.687003] pci_bus 0000:00: root bus resource [bus 00-ff]
[    0.691407] pci 0000:00:01.1: legacy IDE quirk: reg 0x10: [io  0x01f0-0x01f7]
[    0.693189] pci 0000:00:01.1: legacy IDE quirk: reg 0x14: [io  0x03f6]
[    0.695286] pci 0000:00:01.1: legacy IDE quirk: reg 0x18: [io  0x0170-0x0177]
[    0.697354] pci 0000:00:01.1: legacy IDE quirk: reg 0x1c: [io  0x0376]
[    0.728657] pci 0000:00:07.0: quirk: [io  0x4000-0x403f] claimed by PIIX4 ACPI
[    0.749663] pci 0000:00:07.0: quirk: [io  0x4100-0x410f] claimed by PIIX4 SMB
[    0.770151] ACPI: PCI Interrupt Link [LNKA] (IRQs 5 9 10 *11)
[    0.773042] ACPI: PCI Interrupt Link [LNKB] (IRQs 5 9 *10 11)
[    0.776195] ACPI: PCI Interrupt Link [LNKC] (IRQs 5 *9 10 11)
[    0.779043] ACPI: PCI Interrupt Link [LNKD] (IRQs 5 9 10 *11)
[    0.781855] ACPI: Enabled 2 GPEs in block 00 to 07
[    0.783515] vgaarb: setting as boot device: PCI:0000:00:02.0
[    0.785023] vgaarb: device added: PCI:0000:00:02.0,decodes=io+mem,owns=io+mem,locks=none
[    0.787649] vgaarb: loaded
[    0.788709] vgaarb: bridge control possible 0000:00:02.0
[    0.790214] SCSI subsystem initialized
[    0.791695] ACPI: bus type USB registered
[    0.793065] usbcore: registered new interface driver usbfs
[    0.794861] usbcore: registered new interface driver hub
[    0.797206] usbcore: registered new device driver usb
[    0.799309] PCI: Using ACPI for IRQ routing
[    0.800699] NetLabel: Initializing
[    0.801583] NetLabel:  domain hash size = 128
[    0.802880] NetLabel:  protocols = UNLABELED CIPSOv4
[    0.805534] NetLabel:  unlabeled traffic allowed by default
[    0.807068] amd_nb: Cannot enumerate AMD northbridges
[    0.808477] clocksource: Switched to clocksource kvm-clock
[    0.821899] AppArmor: AppArmor Filesystem Enabled
[    0.823420] pnp: PnP ACPI init
[    0.827357] pnp: PnP ACPI: found 3 devices
[    0.841108] clocksource: acpi_pm: mask: 0xffffff max_cycles: 0xffffff, max_idle_ns: 2085701024 ns
[    0.844838] NET: Registered protocol family 2
[    0.846339] TCP established hash table entries: 8192 (order: 4, 65536 bytes)
[    0.848708] TCP bind hash table entries: 8192 (order: 5, 131072 bytes)
[    0.850418] TCP: Hash tables configured (established 8192 bind 8192)
[    0.851852] UDP hash table entries: 512 (order: 2, 16384 bytes)
[    0.853109] UDP-Lite hash table entries: 512 (order: 2, 16384 bytes)
[    0.854480] NET: Registered protocol family 1
[    0.855517] pci 0000:00:00.0: Limiting direct PCI/PCI transfers
[    0.857392] pci 0000:00:01.0: Activating ISA DMA hang workarounds
[    0.860454] Unpacking initramfs...
[    1.472884] Freeing initrd memory: 14824K
[    1.475006] clocksource: tsc: mask: 0xffffffffffffffff max_cycles: 0x27178096781, max_idle_ns: 440795249729 ns
[    1.485048] platform rtc_cmos: registered platform RTC device (no PNP device found)
[    1.489069] Scanning for low memory corruption every 60 seconds
[    1.491861] audit: initializing netlink subsys (disabled)
[    1.495473] audit: type=2000 audit(1564958946.192:1): initialized
[    1.498703] Initialise system trusted keyring
[    1.502176] HugeTLB registered 2 MB page size, pre-allocated 0 pages
[    1.506053] zbud: loaded
[    1.508279] VFS: Disk quotas dquot_6.6.0
[    1.517096] VFS: Dquot-cache hash table entries: 512 (order 0, 4096 bytes)
[    1.519283] squashfs: version 4.0 (2009/01/31) Phillip Lougher
[    1.521003] fuse init (API version 7.23)
[    1.522057] Key type big_key registered
[    1.522903] Allocating IMA MOK and blacklist keyrings.
[    1.526003] Key type asymmetric registered
[    1.529194] Asymmetric key parser 'x509' registered
[    1.531341] Block layer SCSI generic (bsg) driver version 0.4 loaded (major 249)
[    1.534972] io scheduler noop registered
[    1.536408] io scheduler deadline registered (default)
[    1.538124] io scheduler cfq registered
[    1.540253] pci_hotplug: PCI Hot Plug PCI Core version: 0.5
[    1.542292] pciehp: PCI Express Hot Plug Controller Driver version: 0.4
[    1.550290] ACPI: AC Adapter [AC] (off-line)
[    1.552059] input: Power Button as /devices/LNXSYSTM:00/LNXPWRBN:00/input/input0
[    1.554306] ACPI: Power Button [PWRF]
[    1.555313] input: Sleep Button as /devices/LNXSYSTM:00/LNXSLPBN:00/input/input1
[    1.557804] ACPI: Sleep Button [SLPF]
[    1.565014] GHES: HEST is not enabled!
[    1.566641] ACPI: Battery Slot [BAT0] (battery present)
[    1.568760] Serial: 8250/16550 driver, 32 ports, IRQ sharing enabled
[    1.595223] 00:02: ttyS0 at I/O 0x3f8 (irq = 4, base_baud = 115200) is a 16550A
[    1.609028] Linux agpgart interface v0.103
[    1.617577] loop: module loaded
[    1.619456] scsi host0: ata_piix
[    1.620939] scsi host1: ata_piix
[    1.622153] ata1: PATA max UDMA/33 cmd 0x1f0 ctl 0x3f6 bmdma 0xd000 irq 14
[    1.623867] ata2: PATA max UDMA/33 cmd 0x170 ctl 0x376 bmdma 0xd008 irq 15
[    1.627390] libphy: Fixed MDIO Bus: probed
[    1.629805] tun: Universal TUN/TAP device driver, 1.6
[    1.631857] tun: (C) 1999-2004 Max Krasnyansky <maxk@qualcomm.com>
[    1.635595] PPP generic driver version 2.4.2
[    1.637199] ehci_hcd: USB 2.0 'Enhanced' Host Controller (EHCI) Driver
[    1.639176] ehci-pci: EHCI PCI platform driver
[    1.641032] ehci-platform: EHCI generic platform driver
[    1.642283] ohci_hcd: USB 1.1 'Open' Host Controller (OHCI) Driver
[    1.646104] ohci-pci: OHCI PCI platform driver
[    1.648059] ohci-platform: OHCI generic platform driver
[    1.650312] uhci_hcd: USB Universal Host Controller Interface driver
[    1.652264] i8042: PNP: PS/2 Controller [PNP0303:PS2K,PNP0f03:PS2M] at 0x60,0x64 irq 1,12
[    1.654986] serio: i8042 KBD port at 0x60,0x64 irq 1
[    1.657197] serio: i8042 AUX port at 0x60,0x64 irq 12
[    1.659087] mousedev: PS/2 mouse device common for all mice
[    1.662959] input: AT Translated Set 2 keyboard as /devices/platform/i8042/serio0/input/input2
[    1.666310] rtc_cmos rtc_cmos: rtc core: registered rtc_cmos as rtc0
[    1.668104] rtc_cmos rtc_cmos: alarms up to one day, 114 bytes nvram
[    1.669641] i2c /dev entries driver
[    1.670472] device-mapper: uevent: version 1.0.3
[    1.671685] device-mapper: ioctl: 4.34.0-ioctl (2015-10-28) initialised: dm-devel@redhat.com
[    1.673464] ledtrig-cpu: registered to indicate activity on CPUs
[    1.675216] NET: Registered protocol family 10
[    1.679516] NET: Registered protocol family 17
[    1.680784] Key type dns_resolver registered
[    1.682752] registered taskstats version 1
[    1.683666] Loading compiled-in X.509 certificates
[    1.685709] Loaded X.509 cert 'Build time autogenerated kernel key: 3e01e6df98386236d59670e6b2ed19a044d5324e'
[    1.687851] zswap: loaded using pool lzo/zbud
[    1.690408] Key type trusted registered
[    1.698549] Key type encrypted registered
[    1.699425] AppArmor: AppArmor sha1 policy hashing enabled
[    1.700989] ima: No TPM chip found, activating TPM-bypass!
[    1.702070] ima: Allocated hash algorithm: sha1
[    1.702994] evm: HMAC attrs: 0x1
[    1.704604]   Magic number: 15:434:855
[    1.706014] rtc_cmos rtc_cmos: setting system clock to 2019-08-04 22:49:01 UTC (1564958941)
[    1.708174] BIOS EDD facility v0.16 2004-Jun-25, 0 devices found
[    1.709609] EDD information not available.
[    1.786141] Freeing unused kernel memory: 1484K
[    1.787662] Write protecting the kernel read-only data: 14336k
[    1.790131] Freeing unused kernel memory: 1612K
[    1.791960] Freeing unused kernel memory: 64K
Loading, please wait...
starting version 229
[    1.812728] random: systemd-udevd: uninitialized urandom read (16 bytes read, 3 bits of entropy available)
[    1.812932] random: udevadm: uninitialized urandom read (16 bytes read, 3 bits of entropy available)
[    1.812958] random: udevadm: uninitialized urandom read (16 bytes read, 3 bits of entropy available)
[    1.824077] random: systemd-udevd: uninitialized urandom read (16 bytes read, 3 bits of entropy available)
[    1.825526] random: udevadm: uninitialized urandom read (16 bytes read, 3 bits of entropy available)
[    1.825592] random: udevadm: uninitialized urandom read (16 bytes read, 3 bits of entropy available)
[    1.825830] random: udevadm: uninitialized urandom read (16 bytes read, 3 bits of entropy available)
[    1.825915] random: udevadm: uninitialized urandom read (16 bytes read, 3 bits of entropy available)
[    1.825994] random: udevadm: uninitialized urandom read (16 bytes read, 3 bits of entropy available)
[    1.826072] random: udevadm: uninitialized urandom read (16 bytes read, 3 bits of entropy available)
[    1.881143] e1000: Intel(R) PRO/1000 Network Driver - version 7.3.21-k8-NAPI
[    1.883248] e1000: Copyright (c) 1999-2006 Intel Corporation.
[    1.884966] Fusion MPT base driver 3.04.20
[    1.886742] Copyright (c) 1999-2008 LSI Corporation
[    1.894298] Fusion MPT SPI Host driver 3.04.20
[    1.912424] AVX2 version of gcm_enc/dec engaged.
[    1.915051] AES CTR mode by8 optimization enabled
[    2.115856] input: ImExPS/2 Generic Explorer Mouse as /devices/platform/i8042/serio1/input/input4
[    2.326604] e1000 0000:00:03.0 eth0: (PCI:33MHz:32-bit) 02:c2:66:bb:16:6d
[    2.330998] e1000 0000:00:03.0 eth0: Intel(R) PRO/1000 Network Connection
[    2.337123] mptbase: ioc0: Initiating bringup
[    2.473584] ioc0: LSI53C1030 A0: Capabilities={Initiator}
[    2.992994] scsi host2: ioc0: LSI53C1030 A0, FwRev=00000000h, Ports=1, MaxQ=256, IRQ=20
[    3.488500] scsi 2:0:0:0: Direct-Access     VBOX     HARDDISK         1.0  PQ: 0 ANSI: 5
[    3.500656] scsi target2:0:0: Beginning Domain Validation
[    3.511032] scsi target2:0:0: Domain Validation skipping write tests
[    3.516662] scsi target2:0:0: Ending Domain Validation
[    3.521155] scsi target2:0:0: asynchronous
[    3.526638] scsi 2:0:1:0: Direct-Access     VBOX     HARDDISK         1.0  PQ: 0 ANSI: 5
[    3.540734] scsi target2:0:1: Beginning Domain Validation
[    3.579331] scsi target2:0:1: Domain Validation skipping write tests
[    3.585467] scsi target2:0:1: Ending Domain Validation
[    3.590444] scsi target2:0:1: asynchronous
[    3.623593] sd 2:0:0:0: Attached scsi generic sg0 type 0
[    3.630587] sd 2:0:1:0: Attached scsi generic sg1 type 0
[    3.636561] sd 2:0:1:0: [sdb] 20480 512-byte logical blocks: (10.5 MB/10.0 MiB)
[    3.690218] sd 2:0:0:0: [sda] 20971520 512-byte logical blocks: (10.7 GB/10.0 GiB)
[    3.695462] sd 2:0:0:0: [sda] Write Protect is off
[    3.698092] sd 2:0:1:0: [sdb] Write Protect is off
[    3.700454] sd 2:0:0:0: [sda] Incomplete mode parameter data
[    3.703206] sd 2:0:0:0: [sda] Assuming drive cache: write through
[    3.706100] sd 2:0:1:0: [sdb] Incomplete mode parameter data
[    3.708149] sd 2:0:1:0: [sdb] Assuming drive cache: write through
[    3.715577]  sda: sda1
[    3.718002] sd 2:0:1:0: [sdb] Attached SCSI disk
[    3.720071] sd 2:0:0:0: [sda] Attached SCSI disk
[    4.002459] e1000 0000:00:08.0 eth1: (PCI:33MHz:32-bit) 08:00:27:6f:38:c4
[    4.008134] e1000 0000:00:08.0 eth1: Intel(R) PRO/1000 Network Connection
[    4.017304] e1000 0000:00:08.0 enp0s8: renamed from eth1
[    4.040448] e1000 0000:00:03.0 enp0s3: renamed from eth0
Begin: Loading essential drivers ... [    5.663679] md: linear personality registered for level -1
[    5.668955] md: multipath personality registered for level -4
[    5.674368] md: raid0 personality registered for level 0
[    5.681060] md: raid1 personality registered for level 1
[    5.752611] raid6: sse2x1   gen()  6194 MB/s
[    5.820506] raid6: sse2x1   xor()  2857 MB/s
[    5.888872] raid6: sse2x2   gen()  6865 MB/s
[    5.956698] raid6: sse2x2   xor()  5529 MB/s
[    6.024650] raid6: sse2x4   gen() 10112 MB/s
[    6.096863] raid6: sse2x4   xor()  6283 MB/s
[    6.164672] raid6: avx2x1   gen() 13685 MB/s
[    6.232871] raid6: avx2x2   gen() 16235 MB/s
[    6.300587] raid6: avx2x4   gen() 17765 MB/s
[    6.301799] raid6: using algorithm avx2x4 gen() 17765 MB/s
[    6.303809] raid6: using avx2x2 recovery algorithm
[    6.307918] xor: automatically using best checksumming function:
[    6.348665]    avx       : 19430.000 MB/sec
[    6.350938] async_tx: api initialized (async)
[    6.361506] md: raid6 personality registered for level 6
[    6.363195] md: raid5 personality registered for level 5
[    6.364753] md: raid4 personality registered for level 4
[    6.375838] md: raid10 personality registered for level 10
done.
Begin: Running /scripts/init-premount ... done.
Begin: Mounting root file system ... Begin: Running /scripts/local-top ... done.
Begin: Running /scripts/local-premount ... [    6.420235] Btrfs loaded
Scanning for Btrfs filesystems
done.
Warning: fsck not present, so skipping root file system
[    6.468137] EXT4-fs (sda1): mounted filesystem with ordered data mode. Opts: (null)
done.
Begin: Running /scripts/local-bottom ... done.
Begin: Running /scripts/init-bottom ... done.
[    6.612931] systemd[1]: systemd 229 running in system mode. (+PAM +AUDIT +SELINUX +IMA +APPARMOR +SMACK +SYSVINIT +UTMP +LIBCRYPTSETUP +GCRYPT +GNUTLS +ACL +XZ -LZ4 +SECCOMP +BLKID +ELFUTILS +KMOD -IDN)
[    6.617021] systemd[1]: Detected virtualization oracle.
[    6.618538] systemd[1]: Detected architecture x86-64.

Welcome to [1mUbuntu 16.04.6 LTS[0m!

[    6.624198] systemd[1]: Set hostname to <ubuntu>.
[    6.629111] systemd[1]: Initializing machine ID from random generator.
[    6.631047] systemd[1]: Installed transient /etc/machine-id file.
[    6.829441] systemd[1]: Created slice System Slice.
[[0;32m  OK  [0m] Created slice System Slice.
[    6.832285] systemd[1]: Created slice User and Session Slice.
[[0;32m  OK  [0m] Created slice User and Session Slice.
[    6.835076] systemd[1]: Listening on Journal Audit Socket.
[[0;32m  OK  [0m] Listening on Journal Audit Socket.
[    6.837815] systemd[1]: Listening on LVM2 poll daemon socket.
[[0;32m  OK  [0m] Listening on LVM2 poll daemon socket.
[    6.849478] systemd[1]: Reached target System Time Synchronized.
[[0;32m  OK  [0m] Reached target System Time Synchronized.
[    6.852725] systemd[1]: Listening on Syslog Socket.
[[0;32m  OK  [0m] Listening on Syslog Socket.
[    6.861284] systemd[1]: Listening on udev Kernel Socket.
[[0;32m  OK  [0m] Listening on udev Kernel Socket.
[    6.864153] systemd[1]: Created slice system-serial\x2dgetty.slice.
[[0;32m  OK  [0m] Created slice system-serial\x2dgetty.slice.
[    6.867672] systemd[1]: Set up automount Arbitrary Executable File Formats File System Automount Point.
[[0;32m  OK  [0m] Set up automount Arbitrary Executab...ats File System Automount Point.
[    6.871629] systemd[1]: Listening on udev Control Socket.
[[0;32m  OK  [0m] Listening on udev Control Socket.
[    6.875449] systemd[1]: Started Forward Password Requests to Wall Directory Watch.
[[0;32m  OK  [0m] Started Forward Password Requests to Wall Directory Watch.
[    6.879937] systemd[1]: Listening on Journal Socket.
[[0;32m  OK  [0m] Listening on Journal Socket.
[    6.905161] systemd[1]: Starting Load Kernel Modules...
         Starting Load Kernel Modules...
[    6.910943] systemd[1]: Mounting Huge Pages File System...
         Mounting Huge Pages File System...
[    6.914984] systemd[1]: Starting Create list of required static device nodes for the current kernel...
         Starting Create list of required st... nodes for the current kernel...
[    6.919150] systemd[1]: Listening on LVM2 metadata daemon socket.
[[0;32m  OK  [0m] Listening on LVM2 metadata daemon socket.
[    6.923683] systemd[1]: Mounting POSIX Message Queue File System...
[    6.931754] Loading iSCSI transport class v2.0-870.
         Mounting POSIX Message Queue File System...
[    6.944282] systemd[1]: Reached target Slices.
[[0;32m  OK  [0m] Reached target Slices.
[    6.947812] systemd[1]: Started Trigger resolvconf update for networkd DNS.
[[0;32m  OK  [0m] Started Trigger resolvconf update for networkd DNS.
[    6.951754] systemd[1]: Listening on /dev/initctl Compatibility Named Pipe.
[[0;32m  OK  [0m] Listening on /dev/initctl Compatibility Named Pipe.
[    6.960382] iscsi: registered transport (tcp)
[    6.966689] systemd[1]: Starting Uncomplicated firewall...
         Starting Uncomplicated firewall...
[    6.977987] systemd[1]: Listening on Journal Socket (/dev/log).
[[0;32m  OK  [0m] Listening on Journal Socket (/dev/log).
[    6.986741] systemd[1]: Starting Journal Service...
         Starting Journal Service...
[    7.002193] systemd[1]: Starting Set console keymap...
         Starting Set console keymap...
[    7.007431] systemd[1]: Starting Remount Root and Kernel File Systems...
         Starting Remount Root and Kernel File Systems...
[    7.015262] systemd[1]: Starting Nameserver information manager...
[    7.019893] EXT4-fs (sda1): re-mounted. Opts: (null)
         Starting Nameserver information manager...
[    7.023908] systemd[1]: Reached target Swap.
[[0;32m  OK  [0m] Reached target Swap.
[    7.032929] systemd[1]: Reached target User and Group Name Lookups.
[[0;32m  OK  [0m] Reached target User and Group Name Lookups.
[    7.042085] systemd[1]: Listening on Device-mapper event daemon FIFOs.
[[0;32m  OK  [0m] Listening on Device-mapper event daemon FIFOs.
[    7.047089] systemd[1]: Starting Monitoring of LVM2 mirrors, snapshots etc. using dmeventd or progress polling...
         Starting Monitoring of LVM2 mirrors... dmeventd or progress polling...
[    7.051358] systemd[1]: Mounting Debug File System...
         Mounting Debug File System...
[    7.066109] systemd[1]: Reached target Encrypted Volumes.
[[0;32m  OK  [0m] Reached target Encrypted Volumes.
[    7.091547] systemd[1]: Mounted Huge Pages File System.
[[0;32m  OK  [0m] Mounted Huge Pages File System.
[    7.096016] systemd[1]: Mounted Debug File System.
[[0;32m  OK  [0m] Mounted Debug File System.
[    7.105546] systemd[1]: Mounted POSIX Message Queue File System.
[[0;32m  OK  [0m] Mounted POSIX Message Queue File System.
[    7.117525] systemd[1]: Started Create list of required static device nodes for the current kernel.
[[0;32m  OK  [0m] Started Create list of required sta...ce nodes for the current kernel.
[    7.123570] systemd[1]: Started Uncomplicated firewall.
[[0;32m  OK  [0m] Started Uncomplicated firewall.
[    7.135865] systemd[1]: Started Remount Root and Kernel File Systems.
[[0;32m  OK  [0m] Started Remount Root and Kernel File Systems.
[    7.141705] iscsi: registered transport (iser)
[    7.142386] systemd[1]: Started Set console keymap.
[[0;32m  OK  [0m] Started Set console keymap.
[    7.149437] systemd[1]: Started Load Kernel Modules.
[[0;32m  OK  [0m] Started Load Kernel Modules.
[    7.180623] systemd[1]: Started Journal Service.
[[0;32m  OK  [0m] Started Journal Service.
[[0;32m  OK  [0m] Started Nameserver information manager.
[[0;32m  OK  [0m[    7.289874] random: nonblocking pool is initialized
] Started LVM2 metadata daemon.
         Starting Apply Kernel Variables...
         Mounting FUSE Control File System...
         Starting Load/Save Random Seed...
         Starting Flush Journal to Persistent Storage...
         Starting udev Coldplug all Devices...
         Starting Create Static Device Nodes in /dev...
[[0;32m  OK  [0m] Mounted FUSE Control File System.
[[0;32m  OK  [0m] Started Apply Kernel Variables.
[[0;32m  OK  [0m] Started Load/Save Random Seed.
[[0;32m  OK  [0m] Started Create Static Device Nodes in /dev.
[[0;32m  OK  [0m] Started udev Coldplug all Devices.
[[0;32m  OK  [0m] Started Flush Journal to Persistent Storage.
         Starting udev Kernel Device Manager...
[[0;32m  OK  [0m] Started Monitoring of LVM2 mirrors,...ng dmeventd or progress polling.
[[0;32m  OK  [0m] Reached target Local File Systems (Pre).
[[0;32m  OK  [0m] Reached target Local File Systems.
         Starting Initial cloud-init job (pre-networking)...
         Starting Commit a transient machine-id on disk...
         Starting Tell Plymouth To Write Out Runtime Data...
         Starting LSB: AppArmor initialization...
         Starting Set console font and keymap...
         Starting Create Volatile Files and Directories...
[[0;32m  OK  [0m] Started Tell Plymouth To Write Out Runtime Data.
[[0;32m  OK  [0m] Started Create Volatile Files and Directories.
[[0;32m  OK  [0m] Started Commit a transient machine-id on disk.
[[0;32m  OK  [0m] Started udev Kernel Device Manager.
[[0;32m  OK  [0m] Started Dispatch Password Requests to Console Directory Watch.
         Starting Update UTMP about System Boot/Shutdown...
[[0;32m  OK  [0m] Started Update UTMP about System Boot/Shutdown.
[[0;32m  OK  [0m] Found device /dev/ttyS0.
[[0;32m  OK  [0m] Listening on Load/Save RF Kill Switch Status /dev/rfkill Watch.
[    9.514228] cloud-init[471]: Cloud-init v. 19.1-1-gbaa47854-0ubuntu1~16.04.1 running 'init-local' at Sun, 04 Aug 2019 22:49:09 +0000. Up 8.84 seconds.
[[0;32m  OK  [0m] Started Initial cloud-init job (pre-networking).
[[0;32m  OK  [0m] Reached target Network (Pre).
[[0;32m  OK  [0m] Started LSB: AppArmor initialization.
         Starting Raise network interfaces...
[[0;32m  OK  [0m] Started Set console font and keymap.
[[0;32m  OK  [0m] Created slice system-getty.slice.
[[0;32m  OK  [0m] Started Raise network interfaces.
         Starting Initial cloud-init job (metadata service crawler)...
[[0;32m  OK  [0m] Reached target Network.
[   12.347583] cloud-init[965]: Cloud-init v. 19.1-1-gbaa47854-0ubuntu1~16.04.1 running 'init' at Sun, 04 Aug 2019 22:49:11 +0000. Up 11.33 seconds.
[   12.357591] cloud-init[965]: ci-info: ++++++++++++++++++++++++++++++++++++++Net device info+++++++++++++++++++++++++++++++++++++++
[   12.361262] cloud-init[965]: ci-info: +--------+-------+----------------------------+---------------+--------+-------------------+
[   12.363647] cloud-init[965]: ci-info: | Device |   Up  |          Address           |      Mask     | Scope  |     Hw-Address    |
[   12.371724] cloud-init[965]: ci-info: +--------+-------+----------------------------+---------------+--------+-------------------+
[   12.375838] cloud-init[965]: ci-info: | enp0s3 |  True |         10.0.2.15          | 255.255.255.0 | global | 02:c2:66:bb:16:6d |
[   12.378958] cloud-init[965]: ci-info: | enp0s3 |  True | fe80::c2:66ff:febb:166d/64 |       .       |  link  | 02:c2:66:bb:16:6d |
[   12.385515] cloud-init[965]: ci-info: | enp0s8 | False |             .              |       .       |   .    | 08:00:27:6f:38:c4 |
[   12.388852] cloud-init[965]: ci-info: |   lo   |  True |         127.0.0.1          |   255.0.0.0   |  host  |         .         |
[   12.393469] cloud-init[965]: ci-info: |   lo   |  True |          ::1/128           |       .       |  host  |         .         |
[   12.397127] cloud-init[965]: ci-info: +--------+-------+----------------------------+---------------+--------+-------------------+
[   12.403514] cloud-init[965]: ci-info: +++++++++++++++++++++++++++Route IPv4 info++++++++++++++++++++++++++++
[   12.406724] cloud-init[965]: ci-info: +-------+-------------+----------+---------------+-----------+-------+
[   12.418545] cloud-init[965]: ci-info: | Route | Destination | Gateway  |    Genmask    | Interface | Flags |
[   12.421816] cloud-init[965]: ci-info: +-------+-------------+----------+---------------+-----------+-------+
[   12.424575] cloud-init[965]: ci-info: |   0   |   0.0.0.0   | 10.0.2.2 |    0.0.0.0    |   enp0s3  |   UG  |
[   12.427235] cloud-init[965]: ci-info: |   1   |   10.0.2.0  | 0.0.0.0  | 255.255.255.0 |   enp0s3  |   U   |
[   12.429530] cloud-init[965]: ci-info: +-------+-------------+----------+---------------+-----------+-------+
[   12.432601] cloud-init[965]: ci-info: +++++++++++++++++++Route IPv6 info+++++++++++++++++++
[   12.434308] cloud-init[965]: ci-info: +-------+-------------+---------+-----------+-------+
[   12.436544] cloud-init[965]: ci-info: | Route | Destination | Gateway | Interface | Flags |
[   12.445197] cloud-init[965]: ci-info: +-------+-------------+---------+-----------+-------+
[   12.447163] cloud-init[965]: ci-info: |   0   |  fe80::/64  |    ::   |   enp0s3  |   U   |
[   12.449944] cloud-init[965]: ci-info: |   3   |   ff00::/8  |    ::   |   enp0s3  |   U   |
[   12.453613] cloud-init[965]: ci-info: +-------+-------------+---------+-----------+-------+
[   12.460656] cloud-init[965]: Generating public/private rsa key pair.
[   12.462606] cloud-init[965]: Your identification has been saved in /etc/ssh/ssh_host_rsa_key.
[   12.464768] cloud-init[965]: Your public key has been saved in /etc/ssh/ssh_host_rsa_key.pub.
[   12.470137] cloud-init[965]: The key fingerprint is:
[   12.478402] cloud-init[965]: SHA256:nSzvsScBMkxX1vvHuo26u+TcWCTZKJ33m6anIZNUTbM root@ubuntu-xenial
[   12.486962] cloud-init[965]: The key's randomart image is:
[   12.488447] cloud-init[965]: +---[RSA 2048]----+
[   12.489988] cloud-init[965]: |         .o.   o |
[   12.491944] cloud-init[965]: |      . ..  . o o|
[   12.505315] cloud-init[965]: |     o .     o E |
[   12.519881] cloud-init[965]: |      + .o oo=   |
[   12.521849] cloud-init[965]: |       oS.=.*.+. |
[   12.523372] cloud-init[965]: |         oo..+..o|
[   12.524920] cloud-init[965]: |          o=...o.|
[   12.526720] cloud-init[965]: |         ..*++o=o|
[   12.528273] cloud-init[965]: |          ooOBO+.|
[   12.530878] cloud-init[965]: +----[SHA256]-----+
[   12.534493] cloud-init[965]: Generating public/private dsa key pair.
[   12.537139] cloud-init[965]: Your identification has been saved in /etc/ssh/ssh_host_dsa_key.
[   12.539113] cloud-init[965]: Your public key has been saved in /etc/ssh/ssh_host_dsa_key.pub.
[   12.548673] cloud-init[965]: The key fingerprint is:
[   12.551721] cloud-init[965]: SHA256:H4+Fm+IhlqhyO7ylI1nsGkJyrV+UibmK8IbPWpCu1gA root@ubuntu-xenial
[   12.554522] cloud-init[965]: The key's randomart image is:
[   12.555798] cloud-init[965]: +---[DSA 1024]----+
[   12.557508] cloud-init[965]: |                 |
[   12.558520] cloud-init[965]: |                 |
[   12.561092] cloud-init[965]: |                 |
[   12.562244] cloud-init[965]: |E. . o o   .     |
[   12.563643] cloud-init[965]: |=o. + + S o .    |
[   12.568536] cloud-init[965]: |++o. + . . B     |
[   12.569991] cloud-init[965]: |+B= + = o = .    |
[   12.571498] cloud-init[965]: |OBBB o o o       |
[   12.572621] cloud-init[965]: |*OX=.   .        |
[   12.573878] cloud-init[965]: +----[SHA256]-----+
[[0;32m  OK  [0m] Started Initial cloud-init job (metadata service crawler).
[[0;32m  OK  [0m] Reached target Network is Online.
[   12.575063] cloud-init[965]: Generating public/private ecdsa key pair.
[   12.578983] cloud-init[965]: Your identification has been saved in /etc/ssh/ssh_host_ecdsa_key.
[   12.580710] cloud-init[965]: Your public key has been saved in /etc/ssh/ssh_host_ecdsa_key.pub.
[   12.588804] cloud-init[965]: The key fingerprint is:
[   12.593095]          Starting iSCSI initiator daemon (iscsid)...
[[0;32m  OK  [0m] Reached target System Initialization.
[[0;32m  OK  [0m] Listening on ACPID Listen Socket.
[[0;32m  OK  [0m] Listening on D-Bus System Message Bus Socket.
cloud-init[965]: SHA256:WZLG7xQVj+/Wq4fRMReWiDwgqPgR5Obs2zY7R5mVsHk root@ubuntu-xenial         Starting LXD - unix socket.
[[0;32m  OK  [0m] Started Daily Cleanup of Temporary Directories.

[[0;32m  OK  [0m] Started ACPI Events Check.
[[0;32m  OK  [0m] Reached target Paths.
         Starting Socket activation for snappy daemon.
[[0;32m  OK  [0m] Started Daily apt download activities.
[[0;32m  OK  [0m] Listening on UUID daemon activation socket.
[[0;32m  OK  [0m] Started Daily apt upgrade and clean activities.
[   12.600631] cloud-init[965]: The key's randomart image is:
[[0;32m  OK  [0m] Reached target Timers.
[[0;32m  OK  [0m] Reached target Cloud-config availability.
[   12.605797] cloud-init[965]: +---[ECDSA 256]---+
[[0;32m  OK  [0m] Listening on LXD - unix socket.
[[0;32m  OK  [0m] Listening on Socket activation for snappy daemon.
[   12.619921] cloud-init[965]: |  ..  .. .o +.. .|
[   12.626397] cloud-init[965]: |  .. . o.. = + + |
[   12.627869] cloud-init[965]: |  .oo   O + o o .|
[   12.629088] cloud-init[965]: | .+o   + E . . o.|
[   12.630141] cloud-init[965]: |  .o.   S o   o +|
[   12.631347] cloud-init[965]: |  ..   + o   o o |
[   12.632393] cloud-init[965]: |   .  .   .   = .|
[[0;32m  OK  [0m] Started iSCSI initiator daemon (iscsid).
[   12.633975] cloud-init[965]: |    o+ .     o ..|
[   12.636491] cloud-init[965]: |   ..o=      .o. |
[   12.637718] cloud-init[965]: +----[SHA256]-----+
[   12.638634] cloud-init[965]: Generating public/private ed25519 key pair.
[   12.639704] cloud-init[965]: Your identification has been saved in /etc/ssh/ssh_host_ed25519_key.
[   12.641103] cloud-init[965]: Your public key has been saved in /etc/ssh/ssh_host_ed25519_key.pub.
[   12.642634] cloud-init[965]: The key fingerprint is:
[   12.643531] cloud-init[965]: SHA256:9MZyfUhrBIhztmPGtAMCmXWKZFovLIY5BNjUDnsI1CY root@ubuntu-xenial
[   12.645111] cloud-init[965]: The key's randomart image is:
[   12.646620] cloud-init[965]: +--[ED25519 256]--+
[   12.647657] cloud-init[965]: |==B*. .. ..      |
[   12.649453] cloud-init[965]: |=E==oo+ =  .     |
[   12.650583] cloud-init[965]: |*o*=o. B.o  o    |
[   12.652548] cloud-init[965]: |.oo.o  .Oo + o   |
[   12.653795] cloud-init[965]: |   .   oSo= = .  |
[   12.661082] cloud-init[965]: |         + . .   |
[   12.661333] cloud-init[965]: |                 |
[   12.661973] cloud-init[965]: |                 |
[   12.662641] cloud-init[965]: |                 |
[   12.663157] cloud-init[965]: +----[SHA256]-----+
         Starting Login to default iSCSI targets...
[[0;32m  OK  [0m] Reached target Sockets.
[[0;32m  OK  [0m] Reached target Basic System.
         Starting Pollinate to seed the pseudo random number generator...
         Starting Accounts Service...
         Starting /etc/rc.local Compatibility...
[[0;32m  OK  [0m] Started Deferred execution scheduler.
         Starting LXD - container startup/shutdown...
[[0;32m  OK  [0m] Started Regular background program processing daemon.
[[0;32m  OK  [0m] Started D-Bus System Message Bus.
         Starting LSB: Record successful boot for GRUB...
[[0;32m  OK  [0m] Started FUSE filesystem for LXC.
[[0;32m  OK  [0m] Started ACPI event daemon.
         Starting Login Service...
         Starting Virtualbox guest utils...
         Starting System Logging Service...
         Starting LSB: MD monitoring daemon...
         Starting Snappy daemon...
[[0;32m  OK  [0m] Started /etc/rc.local Compatibility.
[[0;32m  OK  [0m] Started System Logging Service.
[[0;32m  OK  [0m] Started Login to default iSCSI targets.
[[0;32m  OK  [0m] Started LSB: Record successful boot for GRUB.
         Starting Authenticate and Authorize Users to Run Privileged Tasks...
[[0;32m  OK  [0m] Reached target Remote File Systems (Pre).
[[0;32m  OK  [0m] Reached target Remote File Systems.
         Starting LSB: automatic crash report generation...
         Starting Permit User Sessions...
         Starting LSB: Set the CPU Frequency Scaling governor to "ondemand"...
         Starting LSB: daemon to balance interrupts for SMP systems...
[[0;32m  OK  [0m] Started LSB: MD monitoring daemon.
[[0;32m  OK  [0m] Started Permit User Sessions.
[[0;32m  OK  [0m] Started Login Service.
[[0;32m  OK  [0m] Started Unattended Upgrades Shutdown.
         Starting Terminate Plymouth Boot Screen...
         Starting Hold until boot process finishes up...
[[0;32m  OK  [0m] Started LXD - container startup/shutdown.
[[0;32m  OK  [0m] Started LSB: automatic crash report generation.
[[0;32m  OK  [0m] Started LSB: Set the CPU Frequency Scaling governor to "ondemand".
[[0;32m  OK  [0m] Started LSB: daemon to balance interrupts for SMP systems.
[[0;32m  OK  [0m] Started Terminate Plymouth Boot Screen.
[[0;32m  OK  [0m] Started Hold until boot process finishes up.
[[0;32m  OK  [0m] Started Authenticate and Authorize Users to Run Privileged Tasks.
[[0;32m  OK  [0m] Started Accounts Service.
[[0;32m  OK  [0m] Started Getty on tty1.
[[0;32m  OK  [0m] Started Serial Getty on ttyS0.
[[0;32m  OK  [0m] Reached target Login Prompts.
         Starting Set console scheme...
[[0;32m  OK  [0m] Started Virtualbox guest utils.
[[0;32m  OK  [0m] Started Set console scheme.
[[0;32m  OK  [0m] Started Pollinate to seed the pseudo random number generator.
         Starting OpenBSD Secure Shell server...
[[0;32m  OK  [0m] Started OpenBSD Secure Shell server.
[[0;32m  OK  [0m] Started Snappy daemon.
         Starting Wait until snapd is fully seeded...
[[0;32m  OK  [0m] Created slice User Slice of vagrant.
         Starting User Manager for UID 1000...
[[0;32m  OK  [0m] Started Session 1 of user vagrant.
[[0;32m  OK  [0m] Started User Manager for UID 1000.
[[0;32m  OK  [0m] Started Wait until snapd is fully seeded.
         Starting Apply the settings specified in cloud-config...
[[0;32m  OK  [0m] Reached target Multi-User System.
[[0;32m  OK  [0m] Reached target Graphical Interface.
         Starting Update UTMP about System Runlevel Changes...
[[0;32m  OK  [0m] Started Update UTMP about System Runlevel Changes.
[   15.929644] cloud-init[1384]: Generating locales (this might take a while)...
[   18.701770] cloud-init[1384]:   en_US.UTF-8... done
[   18.706700] cloud-init[1384]: Generation complete.

Ubuntu 16.04.6 LTS ubuntu-xenial ttyS0

ubuntu-xenial login: [   19.530421] cloud-init[1384]: Cloud-init v. 19.1-1-gbaa47854-0ubuntu1~16.04.1 running 'modules:config' at Sun, 04 Aug 2019 22:49:15 +0000. Up 15.46 seconds.
ci-info: no authorized ssh keys fingerprints found for user ubuntu.
<14>Aug  4 22:49:20 ec2: 
<14>Aug  4 22:49:20 ec2: #############################################################
<14>Aug  4 22:49:20 ec2: -----BEGIN SSH HOST KEY FINGERPRINTS-----
<14>Aug  4 22:49:20 ec2: 1024 SHA256:H4+Fm+IhlqhyO7ylI1nsGkJyrV+UibmK8IbPWpCu1gA root@ubuntu-xenial (DSA)
<14>Aug  4 22:49:20 ec2: 256 SHA256:WZLG7xQVj+/Wq4fRMReWiDwgqPgR5Obs2zY7R5mVsHk root@ubuntu-xenial (ECDSA)
<14>Aug  4 22:49:20 ec2: 256 SHA256:9MZyfUhrBIhztmPGtAMCmXWKZFovLIY5BNjUDnsI1CY root@ubuntu-xenial (ED25519)
<14>Aug  4 22:49:20 ec2: 2048 SHA256:nSzvsScBMkxX1vvHuo26u+TcWCTZKJ33m6anIZNUTbM root@ubuntu-xenial (RSA)
<14>Aug  4 22:49:20 ec2: -----END SSH HOST KEY FINGERPRINTS-----
<14>Aug  4 22:49:20 ec2: #############################################################
-----BEGIN SSH HOST KEY KEYS-----
ecdsa-sha2-nistp256 AAAAE2VjZHNhLXNoYTItbmlzdHAyNTYAAAAIbmlzdHAyNTYAAABBBNLD4bskNBLQhWTFqR9+rG/AEvfeXV6LM+SPNaX3vVMCu5WdNZNQcesypvzAblmRANddGnEfeldxFXejmh3rbQs= root@ubuntu-xenial
ssh-ed25519 AAAAC3NzaC1lZDI1NTE5AAAAIKUY4k7FqGxQaRZ7d5TU1q/PK+oGkXJKg6+hbdNrfAYd root@ubuntu-xenial
ssh-rsa AAAAB3NzaC1yc2EAAAADAQABAAABAQDEqhK3atfA+U/b3z3rxBUbl2THdXV9/93Uhh7SoQklQobu2TeJHFAIu8axls6ygeluNQCUy2IkTwDZNINcC7p7oOYJDBI49UM/P/eTK2YxBYdHjU+VHjjDJuPoM9rKC76vNKsmciRRKD66xIc3Om+3CVQCgbv6YE2cqusd5bNUkzUkkwxPPK/uU3FFyvLvmkKM8Nypc079uBCny3vdbC0bsbnI7kOCXT+KY2HsCIOtw/EsIQFiVknbY8SG5mPA6JR4zpTh97fzgOUkFyKgLB+DtnPzyk+aHcMYoxrsRQ+rpWFIAm5Hx1llgM+fbDd26R7NXhsaJEYy+3dFXsla5Ky7 root@ubuntu-xenial
-----END SSH HOST KEY KEYS-----
[   20.642023] cloud-init[1561]: Cloud-init v. 19.1-1-gbaa47854-0ubuntu1~16.04.1 running 'modules:final' at Sun, 04 Aug 2019 22:49:20 +0000. Up 20.28 seconds.
[   20.646459] cloud-init[1561]: ci-info: no authorized ssh keys fingerprints found for user ubuntu.
[   20.649075] cloud-init[1561]: Cloud-init v. 19.1-1-gbaa47854-0ubuntu1~16.04.1 finished at Sun, 04 Aug 2019 22:49:20 +0000. Datasource DataSourceNoCloud [seed=/dev/sdb][dsmode=net].  Up 20.58 seconds
